#! /usr/bin/vvp
:ivl_version "10.1 (stable)";
:ivl_delay_selection "TYPICAL";
:vpi_time_precision + 0;
:vpi_module "system";
:vpi_module "vhdl_sys";
:vpi_module "v2005_math";
:vpi_module "va_math";
S_0x5574d1533f40 .scope module, "uc" "uc" 2 1;
 .timescale 0 0;
    .port_info 0 /INPUT 6 "opcode"
    .port_info 1 /INPUT 1 "z"
    .port_info 2 /OUTPUT 1 "s_inc"
    .port_info 3 /OUTPUT 1 "s_inm"
    .port_info 4 /OUTPUT 1 "we3"
    .port_info 5 /OUTPUT 1 "wez"
    .port_info 6 /OUTPUT 3 "op_alu"
v0x5574d1534170_0 .var "op_alu", 2 0;
o0x7ff3f8834048 .functor BUFZ 6, C4<zzzzzz>; HiZ drive
v0x5574d1554230_0 .net "opcode", 5 0, o0x7ff3f8834048;  0 drivers
v0x5574d1554310_0 .var "s_inc", 0 0;
v0x5574d15543b0_0 .var "s_inm", 0 0;
v0x5574d1554470_0 .var "we3", 0 0;
v0x5574d1554580_0 .var "wez", 0 0;
o0x7ff3f8834138 .functor BUFZ 1, C4<z>; HiZ drive
v0x5574d1554640_0 .net "z", 0 0, o0x7ff3f8834138;  0 drivers
E_0x5574d152bde0 .event edge, v0x5574d1554230_0;
    .scope S_0x5574d1533f40;
T_0 ;
    %wait E_0x5574d152bde0;
    %load/vec4 v0x5574d1554230_0;
    %dup/vec4;
    %pushi/vec4 35, 3, 6;
    %cmp/x;
    %jmp/1 T_0.0, 4;
    %dup/vec4;
    %pushi/vec4 39, 3, 6;
    %cmp/x;
    %jmp/1 T_0.1, 4;
    %dup/vec4;
    %pushi/vec4 43, 3, 6;
    %cmp/x;
    %jmp/1 T_0.2, 4;
    %dup/vec4;
    %pushi/vec4 47, 3, 6;
    %cmp/x;
    %jmp/1 T_0.3, 4;
    %dup/vec4;
    %pushi/vec4 51, 3, 6;
    %cmp/x;
    %jmp/1 T_0.4, 4;
    %dup/vec4;
    %pushi/vec4 55, 3, 6;
    %cmp/x;
    %jmp/1 T_0.5, 4;
    %dup/vec4;
    %pushi/vec4 59, 3, 6;
    %cmp/x;
    %jmp/1 T_0.6, 4;
    %dup/vec4;
    %pushi/vec4 63, 3, 6;
    %cmp/x;
    %jmp/1 T_0.7, 4;
    %dup/vec4;
    %pushi/vec4 3, 3, 6;
    %cmp/x;
    %jmp/1 T_0.8, 4;
    %dup/vec4;
    %pushi/vec4 4, 0, 6;
    %cmp/x;
    %jmp/1 T_0.9, 4;
    %dup/vec4;
    %pushi/vec4 5, 0, 6;
    %cmp/x;
    %jmp/1 T_0.10, 4;
    %dup/vec4;
    %pushi/vec4 6, 0, 6;
    %cmp/x;
    %jmp/1 T_0.11, 4;
    %jmp T_0.13;
T_0.0 ;
    %pushi/vec4 0, 0, 3;
    %store/vec4 v0x5574d1534170_0, 0, 3;
    %pushi/vec4 1, 0, 1;
    %store/vec4 v0x5574d1554310_0, 0, 1;
    %jmp T_0.13;
T_0.1 ;
    %pushi/vec4 1, 0, 3;
    %store/vec4 v0x5574d1534170_0, 0, 3;
    %pushi/vec4 1, 0, 1;
    %store/vec4 v0x5574d1554310_0, 0, 1;
    %jmp T_0.13;
T_0.2 ;
    %pushi/vec4 2, 0, 3;
    %store/vec4 v0x5574d1534170_0, 0, 3;
    %pushi/vec4 1, 0, 1;
    %store/vec4 v0x5574d1554310_0, 0, 1;
    %jmp T_0.13;
T_0.3 ;
    %pushi/vec4 3, 0, 3;
    %store/vec4 v0x5574d1534170_0, 0, 3;
    %pushi/vec4 1, 0, 1;
    %store/vec4 v0x5574d1554310_0, 0, 1;
    %jmp T_0.13;
T_0.4 ;
    %pushi/vec4 4, 0, 3;
    %store/vec4 v0x5574d1534170_0, 0, 3;
    %pushi/vec4 1, 0, 1;
    %store/vec4 v0x5574d1554310_0, 0, 1;
    %jmp T_0.13;
T_0.5 ;
    %pushi/vec4 5, 0, 3;
    %store/vec4 v0x5574d1534170_0, 0, 3;
    %pushi/vec4 1, 0, 1;
    %store/vec4 v0x5574d1554310_0, 0, 1;
    %jmp T_0.13;
T_0.6 ;
    %pushi/vec4 6, 0, 3;
    %store/vec4 v0x5574d1534170_0, 0, 3;
    %pushi/vec4 1, 0, 1;
    %store/vec4 v0x5574d1554310_0, 0, 1;
    %jmp T_0.13;
T_0.7 ;
    %pushi/vec4 7, 0, 3;
    %store/vec4 v0x5574d1534170_0, 0, 3;
    %pushi/vec4 1, 0, 1;
    %store/vec4 v0x5574d1554310_0, 0, 1;
    %jmp T_0.13;
T_0.8 ;
    %pushi/vec4 1, 0, 1;
    %store/vec4 v0x5574d15543b0_0, 0, 1;
    %pushi/vec4 1, 0, 1;
    %store/vec4 v0x5574d1554310_0, 0, 1;
    %jmp T_0.13;
T_0.9 ;
    %pushi/vec4 0, 0, 1;
    %store/vec4 v0x5574d1554310_0, 0, 1;
    %jmp T_0.13;
T_0.10 ;
    %pushi/vec4 0, 0, 1;
    %store/vec4 v0x5574d1554310_0, 0, 1;
    %jmp T_0.13;
T_0.11 ;
    %pushi/vec4 0, 0, 1;
    %store/vec4 v0x5574d1554310_0, 0, 1;
    %jmp T_0.13;
T_0.13 ;
    %pop/vec4 1;
    %jmp T_0;
    .thread T_0, $push;
# The file index is used to find the file name in the following table.
:file_names 3;
    "N/A";
    "<interactive>";
    "uc.v";
